build/app/intermediates/manifest_merge_blame_file/debug/manifest-merger-blame-debug-report.txt
1<?xml version="1.0" encoding="utf-8"?>
2<manifest xmlns:android="http://schemas.android.com/apk/res/android"
3    package="com.mappls.sdk.demo.flutter.mappls_flutter_sdk"
4    android:versionCode="1"
5    android:versionName="1.0.0" >
6
7    <uses-sdk
8        android:minSdkVersion="16"
9        android:targetSdkVersion="33" />
10    <!--
11         The INTERNET permission is required for development. Specifically,
12         the Flutter tool needs it to communicate with the running application
13         to allow setting breakpoints, to provide hot reload, etc.
14    -->
15    <uses-permission android:name="android.permission.INTERNET" />
15-->src\main\AndroidManifest.xml:3:5-67
15-->src\main\AndroidManifest.xml:3:22-64
16    <uses-permission android:name="android.permission.ACCESS_COARSE_LOCATION" />
16-->src\main\AndroidManifest.xml:4:5-81
16-->src\main\AndroidManifest.xml:4:22-78
17    <uses-permission android:name="android.permission.ACCESS_NETWORK_STATE" />
17-->src\main\AndroidManifest.xml:5:5-79
17-->src\main\AndroidManifest.xml:5:22-76
18    <uses-permission android:name="android.permission.FOREGROUND_SERVICE" />
18-->src\main\AndroidManifest.xml:6:5-77
18-->src\main\AndroidManifest.xml:6:22-74
19    <uses-permission android:name="android.permission.ACCESS_BACKGROUND_LOCATION" />
19-->src\main\AndroidManifest.xml:7:5-85
19-->src\main\AndroidManifest.xml:7:22-82
20    <uses-permission android:name="android.permission.ACCESS_FINE_LOCATION" />
20-->src\main\AndroidManifest.xml:8:5-79
20-->src\main\AndroidManifest.xml:8:22-76
21    <uses-permission android:name="android.permission.ACCESS_COARSE_LOCATION" />
21-->src\main\AndroidManifest.xml:4:5-81
21-->src\main\AndroidManifest.xml:4:22-78
22    <uses-permission android:name="android.permission.WAKE_LOCK" />
22-->src\main\AndroidManifest.xml:10:5-68
22-->src\main\AndroidManifest.xml:10:22-65
23
24    <uses-feature
24-->[com.mappls.sdk:mappls-android-sdk:8.0.5] AndroidManifest.xml:10:5-12:35
25        android:glEsVersion="0x00020000"
25-->[com.mappls.sdk:mappls-android-sdk:8.0.5] AndroidManifest.xml:11:9-41
26        android:required="true" />
26-->[com.mappls.sdk:mappls-android-sdk:8.0.5] AndroidManifest.xml:12:9-32
27    <uses-feature
27-->[com.mappls.sdk:mappls-android-sdk:8.0.5] AndroidManifest.xml:13:5-15:36
28        android:name="android.hardware.wifi"
28-->[com.mappls.sdk:mappls-android-sdk:8.0.5] AndroidManifest.xml:14:9-45
29        android:required="false" />
29-->[com.mappls.sdk:mappls-android-sdk:8.0.5] AndroidManifest.xml:15:9-33
30
31    <uses-permission android:name="android.permission.ACCESS_WIFI_STATE" />
31-->[com.mappls.sdk:mappls-android-sdk:8.0.5] AndroidManifest.xml:19:5-76
31-->[com.mappls.sdk:mappls-android-sdk:8.0.5] AndroidManifest.xml:19:22-73
32
33    <permission
33-->[androidx.core:core:1.10.1] AndroidManifest.xml:22:5-24:47
34        android:name="com.mappls.sdk.demo.flutter.mappls_flutter_sdk.DYNAMIC_RECEIVER_NOT_EXPORTED_PERMISSION"
34-->[androidx.core:core:1.10.1] AndroidManifest.xml:23:9-81
35        android:protectionLevel="signature" />
35-->[androidx.core:core:1.10.1] AndroidManifest.xml:24:9-44
36
37    <uses-permission android:name="com.mappls.sdk.demo.flutter.mappls_flutter_sdk.DYNAMIC_RECEIVER_NOT_EXPORTED_PERMISSION" />
37-->[androidx.core:core:1.10.1] AndroidManifest.xml:26:5-97
37-->[androidx.core:core:1.10.1] AndroidManifest.xml:26:22-94
38
39    <application
40        android:name="android.app.Application"
41        android:appComponentFactory="androidx.core.app.CoreComponentFactory"
41-->[androidx.core:core:1.10.1] AndroidManifest.xml:28:18-86
42        android:debuggable="true"
43        android:icon="@mipmap/ic_launcher"
44        android:label="poc_mapmyindia" >
45        <activity
46            android:name="com.example.poc_mapmyindia.MainActivity"
47            android:configChanges="orientation|keyboardHidden|keyboard|screenSize|smallestScreenSize|locale|layoutDirection|fontScale|screenLayout|density|uiMode"
48            android:exported="true"
49            android:hardwareAccelerated="true"
50            android:launchMode="singleTop"
51            android:theme="@style/LaunchTheme"
52            android:windowSoftInputMode="adjustResize" >
53
54            <!--
55                 Specifies an Android theme to apply to this Activity as soon as
56                 the Android process has started. This theme is visible to the user
57                 while the Flutter UI initializes. After that, this theme continues
58                 to determine the Window background behind the Flutter UI.
59            -->
60            <meta-data
61                android:name="io.flutter.embedding.android.NormalTheme"
62                android:resource="@style/NormalTheme" />
63
64            <intent-filter>
65                <action android:name="android.intent.action.MAIN" />
66
67                <category android:name="android.intent.category.LAUNCHER" />
68            </intent-filter>
69        </activity>
70        <!--
71             Don't delete the meta-data below.
72             This is used by the Flutter tool to generate GeneratedPluginRegistrant.java
73        -->
74        <meta-data
75            android:name="flutterEmbedding"
76            android:value="2" />
77
78        <service
78-->[:geolocator_android] AndroidManifest.xml:12:9-16:56
79            android:name="com.baseflow.geolocator.GeolocatorLocationService"
79-->[:geolocator_android] AndroidManifest.xml:13:13-77
80            android:enabled="true"
80-->[:geolocator_android] AndroidManifest.xml:14:13-35
81            android:exported="false"
81-->[:geolocator_android] AndroidManifest.xml:15:13-37
82            android:foregroundServiceType="location" />
82-->[:geolocator_android] AndroidManifest.xml:16:13-53
83        <service
83-->[:location] AndroidManifest.xml:13:9-17:56
84            android:name="com.lyokone.location.FlutterLocationService"
84-->[:location] AndroidManifest.xml:14:13-71
85            android:enabled="true"
85-->[:location] AndroidManifest.xml:15:13-35
86            android:exported="false"
86-->[:location] AndroidManifest.xml:16:13-37
87            android:foregroundServiceType="location" />
87-->[:location] AndroidManifest.xml:17:13-53
88
89        <activity
89-->[com.mappls.sdk:place-widget:2.0.2] AndroidManifest.xml:14:9-19:68
90            android:name="com.mappls.sdk.plugins.places.autocomplete.ui.PlaceAutocompleteActivity"
90-->[com.mappls.sdk:place-widget:2.0.2] AndroidManifest.xml:15:13-99
91            android:configChanges="keyboard|keyboardHidden|orientation|screenLayout|uiMode|screenSize|smallestScreenSize"
91-->[com.mappls.sdk:place-widget:2.0.2] AndroidManifest.xml:16:13-122
92            android:exported="false"
92-->[com.mappls.sdk:place-widget:2.0.2] AndroidManifest.xml:17:13-37
93            android:theme="@style/mappls_search_translucent"
93-->[com.mappls.sdk:place-widget:2.0.2] AndroidManifest.xml:18:13-61
94            android:windowSoftInputMode="stateVisible|adjustPan" />
94-->[com.mappls.sdk:place-widget:2.0.2] AndroidManifest.xml:19:13-65
95        <activity
95-->[com.mappls.sdk:place-widget:2.0.2] AndroidManifest.xml:20:9-24:59
96            android:name="com.mappls.sdk.plugins.places.placepicker.ui.PlacePickerActivity"
96-->[com.mappls.sdk:place-widget:2.0.2] AndroidManifest.xml:21:13-92
97            android:configChanges="keyboard|keyboardHidden|orientation|screenLayout|uiMode|screenSize|smallestScreenSize"
97-->[com.mappls.sdk:place-widget:2.0.2] AndroidManifest.xml:22:13-122
98            android:exported="false"
98-->[com.mappls.sdk:place-widget:2.0.2] AndroidManifest.xml:23:13-37
99            android:theme="@style/mappls_search_picker" />
99-->[com.mappls.sdk:place-widget:2.0.2] AndroidManifest.xml:24:13-56
100
101        <service
101-->[androidx.room:room-runtime:2.5.0] AndroidManifest.xml:24:9-28:63
102            android:name="androidx.room.MultiInstanceInvalidationService"
102-->[androidx.room:room-runtime:2.5.0] AndroidManifest.xml:25:13-74
103            android:directBootAware="true"
103-->[androidx.room:room-runtime:2.5.0] AndroidManifest.xml:26:13-43
104            android:exported="false" />
104-->[androidx.room:room-runtime:2.5.0] AndroidManifest.xml:27:13-37
105
106        <uses-library
106-->[androidx.window:window:1.0.0-beta04] AndroidManifest.xml:25:9-27:40
107            android:name="androidx.window.extensions"
107-->[androidx.window:window:1.0.0-beta04] AndroidManifest.xml:26:13-54
108            android:required="false" />
108-->[androidx.window:window:1.0.0-beta04] AndroidManifest.xml:27:13-37
109        <uses-library
109-->[androidx.window:window:1.0.0-beta04] AndroidManifest.xml:28:9-30:40
110            android:name="androidx.window.sidecar"
110-->[androidx.window:window:1.0.0-beta04] AndroidManifest.xml:29:13-51
111            android:required="false" />
111-->[androidx.window:window:1.0.0-beta04] AndroidManifest.xml:30:13-37
112
113        <activity
113-->[com.google.android.gms:play-services-base:18.1.0] AndroidManifest.xml:20:9-22:45
114            android:name="com.google.android.gms.common.api.GoogleApiActivity"
114-->[com.google.android.gms:play-services-base:18.1.0] AndroidManifest.xml:20:19-85
115            android:exported="false"
115-->[com.google.android.gms:play-services-base:18.1.0] AndroidManifest.xml:22:19-43
116            android:theme="@android:style/Theme.Translucent.NoTitleBar" />
116-->[com.google.android.gms:play-services-base:18.1.0] AndroidManifest.xml:21:19-78
117
118        <meta-data
118-->[com.google.android.gms:play-services-basement:18.1.0] AndroidManifest.xml:21:9-23:69
119            android:name="com.google.android.gms.version"
119-->[com.google.android.gms:play-services-basement:18.1.0] AndroidManifest.xml:22:13-58
120            android:value="@integer/google_play_services_version" />
120-->[com.google.android.gms:play-services-basement:18.1.0] AndroidManifest.xml:23:13-66
121
122        <provider
122-->[androidx.emoji2:emoji2:1.0.0] AndroidManifest.xml:26:9-34:20
123            android:name="androidx.startup.InitializationProvider"
123-->[androidx.emoji2:emoji2:1.0.0] AndroidManifest.xml:27:13-67
124            android:authorities="com.mappls.sdk.demo.flutter.mappls_flutter_sdk.androidx-startup"
124-->[androidx.emoji2:emoji2:1.0.0] AndroidManifest.xml:28:13-68
125            android:exported="false" >
125-->[androidx.emoji2:emoji2:1.0.0] AndroidManifest.xml:29:13-37
126            <meta-data
126-->[androidx.emoji2:emoji2:1.0.0] AndroidManifest.xml:31:13-33:52
127                android:name="androidx.emoji2.text.EmojiCompatInitializer"
127-->[androidx.emoji2:emoji2:1.0.0] AndroidManifest.xml:32:17-75
128                android:value="androidx.startup" />
128-->[androidx.emoji2:emoji2:1.0.0] AndroidManifest.xml:33:17-49
129            <meta-data
129-->[androidx.lifecycle:lifecycle-process:2.4.0] AndroidManifest.xml:31:13-33:52
130                android:name="androidx.lifecycle.ProcessLifecycleInitializer"
130-->[androidx.lifecycle:lifecycle-process:2.4.0] AndroidManifest.xml:32:17-78
131                android:value="androidx.startup" />
131-->[androidx.lifecycle:lifecycle-process:2.4.0] AndroidManifest.xml:33:17-49
132        </provider>
133    </application>
134
135</manifest>